wb/manifest-merger-release-report.txt
-- Merging decision tree log ---
manifest
ADDED from AndroidManifest.xml:2:1
	xmlns:android
		ADDED from AndroidManifest.xml:2:11
	package
		ADDED from AndroidManifest.xml:3:11
		INJECTED from AndroidManifest.xml:0:0
		INJECTED from AndroidManifest.xml:0:0
	android:versionName
		ADDED from AndroidManifest.xml:5:5
	android:versionCode
		ADDED from AndroidManifest.xml:4:5
		INJECTED from AndroidManifest.xml:0:0
		INJECTED from AndroidManifest.xml:0:0
uses-feature#0x00020000
ADDED from AndroidManifest.xml:7:5
	android:required
		ADDED from AndroidManifest.xml:9:13
	android:glEsVersion
		ADDED from AndroidManifest.xml:8:13
uses-permission#android.permission.INTERNET
ADDED from AndroidManifest.xml:11:5
	android:name
		ADDED from AndroidManifest.xml:11:22
uses-permission#android.permission.ACCESS_NETWORK_STATE
ADDED from AndroidManifest.xml:12:5
	android:name
		ADDED from AndroidManifest.xml:12:22
uses-permission#android.permission.WRITE_EXTERNAL_STORAGE
ADDED from AndroidManifest.xml:13:5
	android:name
		ADDED from AndroidManifest.xml:13:22
uses-permission#android.permission.ACCESS_FINE_LOCATION
ADDED from AndroidManifest.xml:14:5
	android:name
		ADDED from AndroidManifest.xml:14:22
uses-permission#android.permission.NFC
ADDED from AndroidManifest.xml:15:5
	android:name
		ADDED from AndroidManifest.xml:15:22
uses-permission#android.permission.VIBRATE
ADDED from AndroidManifest.xml:16:5
	android:name
		ADDED from AndroidManifest.xml:16:22
uses-permission#android.permission.INTERACT_ACROSS_USERS_FULL
ADDED from AndroidManifest.xml:17:5
	android:name
		ADDED from AndroidManifest.xml:17:22
application
ADDED from AndroidManifest.xml:21:5
MERGED from com.android.support:support-v4:21.0.0:16:5
MERGED from com.android.support:support-v4:21.0.0:16:5
MERGED from com.android.support:support-v4:21.0.0:16:5
MERGED from com.android.support:cardview-v7:21.0.2:16:5
MERGED from de.hdodenhof:circleimageview:1.2.1:9:5
	android:label
		ADDED from AndroidManifest.xml:22:13
	android:allowBackup
		ADDED from AndroidManifest.xml:26:13
	android:icon
		ADDED from AndroidManifest.xml:23:13
	android:theme
		ADDED from AndroidManifest.xml:24:13
	android:largeHeap
		ADDED from AndroidManifest.xml:25:13
	android:name
		ADDED from AndroidManifest.xml:27:13
activity#org.qii.kakuwb.ui.login.AccountActivity
ADDED from AndroidManifest.xml:33:9
	android:uiOptions
		ADDED from AndroidManifest.xml:35:17
	android:name
		ADDED from AndroidManifest.xml:34:17
intent-filter#android.intent.action.MAIN+android.intent.category.LAUNCHER
ADDED from AndroidManifest.xml:36:13
action#android.intent.action.MAIN
ADDED from AndroidManifest.xml:37:17
	android:name
		ADDED from AndroidManifest.xml:37:25
category#android.intent.category.LAUNCHER
ADDED from AndroidManifest.xml:38:17
	android:name
		ADDED from AndroidManifest.xml:38:27
activity#org.qii.kakuwb.ui.login.OAuthActivity
ADDED from AndroidManifest.xml:44:9
	android:name
		ADDED from AndroidManifest.xml:44:19
activity#org.qii.kakuwb.ui.login.SSOActivity
ADDED from AndroidManifest.xml:45:9
	android:name
		ADDED from AndroidManifest.xml:45:19
activity#org.qii.kakuwb.ui.main.MainTimeLineActivity
ADDED from AndroidManifest.xml:48:9
	android:name
		ADDED from AndroidManifest.xml:49:17
	android:launchMode
		ADDED from AndroidManifest.xml:50:17
activity#org.qii.kakuwb.ui.send.WriteWeiboActivity
ADDED from AndroidManifest.xml:53:9
	android:windowSoftInputMode
		ADDED from AndroidManifest.xml:56:17
	android:name
		ADDED from AndroidManifest.xml:54:17
	android:launchMode
		ADDED from AndroidManifest.xml:55:17
intent-filter#android.intent.action.SEND+android.intent.category.DEFAULT
ADDED from AndroidManifest.xml:57:13
action#android.intent.action.SEND
ADDED from AndroidManifest.xml:58:17
	android:name
		ADDED from AndroidManifest.xml:58:25
category#android.intent.category.DEFAULT
ADDED from AndroidManifest.xml:59:17
	android:name
		ADDED from AndroidManifest.xml:59:27
data
ADDED from AndroidManifest.xml:60:17
	android:mimeType
		ADDED from AndroidManifest.xml:60:23
	android:scheme
		INJECTED from AndroidManifest.xml:0:0
		INJECTED from AndroidManifest.xml:0:0
activity#org.qii.kakuwb.ui.send.WriteRepostActivity
ADDED from AndroidManifest.xml:69:9
	android:windowSoftInputMode
		ADDED from AndroidManifest.xml:71:17
	android:name
		ADDED from AndroidManifest.xml:70:17
activity#org.qii.kakuwb.ui.send.WriteCommentActivity
ADDED from AndroidManifest.xml:72:9
	android:windowSoftInputMode
		ADDED from AndroidManifest.xml:74:17
	android:name
		ADDED from AndroidManifest.xml:73:17
activity#org.qii.kakuwb.ui.send.WriteReplyToCommentActivity
ADDED from AndroidManifest.xml:75:9
	android:windowSoftInputMode
		ADDED from AndroidManifest.xml:77:17
	android:name
		ADDED from AndroidManifest.xml:76:17
activity#org.qii.kakuwb.ui.browser.BrowserWeiboMsgActivity
ADDED from AndroidManifest.xml:80:9
	android:label
		ADDED from AndroidManifest.xml:85:17
	android:uiOptions
		ADDED from AndroidManifest.xml:83:17
	android:theme
		ADDED from AndroidManifest.xml:82:17
	android:exported
		ADDED from AndroidManifest.xml:84:17
	android:name
		ADDED from AndroidManifest.xml:81:17
activity#org.qii.kakuwb.ui.browser.BrowserCommentActivity
ADDED from AndroidManifest.xml:86:9
	android:label
		ADDED from AndroidManifest.xml:88:17
	android:name
		ADDED from AndroidManifest.xml:87:17
activity#org.qii.kakuwb.support.gallery.GalleryActivity
ADDED from AndroidManifest.xml:89:9
	android:theme
		ADDED from AndroidManifest.xml:91:17
	android:name
		ADDED from AndroidManifest.xml:90:17
	android:launchMode
		ADDED from AndroidManifest.xml:92:17
activity#org.qii.kakuwb.support.gallery.GalleryAnimationActivity
ADDED from AndroidManifest.xml:93:9
	android:configChanges
		ADDED from AndroidManifest.xml:96:17
	android:theme
		ADDED from AndroidManifest.xml:95:17
	android:name
		ADDED from AndroidManifest.xml:94:17
	android:launchMode
		ADDED from AndroidManifest.xml:97:17
activity#org.qii.kakuwb.ui.browser.BrowserWriteWeiboLocalPicActivity
ADDED from AndroidManifest.xml:98:9
	android:uiOptions
		ADDED from AndroidManifest.xml:100:17
	android:name
		ADDED from AndroidManifest.xml:99:17
	android:launchMode
		ADDED from AndroidManifest.xml:101:17
activity#org.qii.kakuwb.ui.browser.BrowserWebActivity
ADDED from AndroidManifest.xml:102:9
	android:uiOptions
		ADDED from AndroidManifest.xml:104:17
	android:name
		ADDED from AndroidManifest.xml:103:17
	android:launchMode
		ADDED from AndroidManifest.xml:105:17
intent-filter#android.intent.action.VIEW+android.intent.category.DEFAULT
ADDED from AndroidManifest.xml:106:13
action#android.intent.action.VIEW
ADDED from AndroidManifest.xml:107:17
	android:name
		ADDED from AndroidManifest.xml:107:25
activity#org.qii.kakuwb.ui.browser.BrowserShareTimeLineActivity
ADDED from AndroidManifest.xml:131:9
	android:name
		ADDED from AndroidManifest.xml:131:19
activity#org.qii.kakuwb.ui.browser.AppMapActivity
ADDED from AndroidManifest.xml:132:9
	android:name
		ADDED from AndroidManifest.xml:133:17
	android:launchMode
		ADDED from AndroidManifest.xml:134:17
activity#org.qii.kakuwb.ui.topic.SearchTopicByNameActivity
ADDED from AndroidManifest.xml:138:9
	android:label
		ADDED from AndroidManifest.xml:140:17
	android:uiOptions
		ADDED from AndroidManifest.xml:141:17
	android:name
		ADDED from AndroidManifest.xml:139:17
activity#org.qii.kakuwb.ui.topic.UserTopicListActivity
ADDED from AndroidManifest.xml:148:9
	android:name
		ADDED from AndroidManifest.xml:148:19
activity#org.qii.kakuwb.ui.userinfo.UserInfoActivity
ADDED from AndroidManifest.xml:151:9
	android:theme
		ADDED from AndroidManifest.xml:153:17
	android:name
		ADDED from AndroidManifest.xml:152:17
intent-filter#android.intent.category.DEFAULT+android.nfc.action.NDEF_DISCOVERED
ADDED from AndroidManifest.xml:159:13
action#android.nfc.action.NDEF_DISCOVERED
ADDED from AndroidManifest.xml:160:17
	android:name
		ADDED from AndroidManifest.xml:160:25
activity#org.qii.kakuwb.ui.userinfo.UserTimeLineActivity
ADDED from AndroidManifest.xml:165:9
	android:name
		ADDED from AndroidManifest.xml:165:19
activity#org.qii.kakuwb.ui.userinfo.MyInfoActivity
ADDED from AndroidManifest.xml:166:9
	android:theme
		ADDED from AndroidManifest.xml:168:17
	android:name
		ADDED from AndroidManifest.xml:167:17
	android:launchMode
		ADDED from AndroidManifest.xml:169:17
activity#org.qii.kakuwb.ui.userinfo.EditMyProfileActivity
ADDED from AndroidManifest.xml:170:9
	android:name
		ADDED from AndroidManifest.xml:171:17
	android:launchMode
		ADDED from AndroidManifest.xml:172:17
activity#org.qii.kakuwb.ui.userinfo.FriendListActivity
ADDED from AndroidManifest.xml:173:9
	android:name
		ADDED from AndroidManifest.xml:174:17
	android:launchMode
		ADDED from AndroidManifest.xml:175:17
activity#org.qii.kakuwb.ui.userinfo.FanListActivity
ADDED from AndroidManifest.xml:176:9
	android:name
		ADDED from AndroidManifest.xml:177:17
	android:launchMode
		ADDED from AndroidManifest.xml:178:17
activity#org.qii.kakuwb.ui.userinfo.MyFavActivity
ADDED from AndroidManifest.xml:179:9
	android:name
		ADDED from AndroidManifest.xml:180:17
	android:launchMode
		ADDED from AndroidManifest.xml:181:17
activity#org.qii.kakuwb.ui.search.SearchMainActivity
ADDED from AndroidManifest.xml:185:9
	android:name
		ADDED from AndroidManifest.xml:186:17
	android:launchMode
		ADDED from AndroidManifest.xml:187:17
intent-filter#android.intent.action.SEARCH
ADDED from AndroidManifest.xml:188:13
action#android.intent.action.SEARCH
ADDED from AndroidManifest.xml:189:17
	android:name
		ADDED from AndroidManifest.xml:189:25
meta-data#android.app.searchable
ADDED from AndroidManifest.xml:191:13
	android:resource
		ADDED from AndroidManifest.xml:193:21
	android:name
		ADDED from AndroidManifest.xml:192:21
activity#org.qii.kakuwb.ui.search.AtUserActivity
ADDED from AndroidManifest.xml:195:9
	android:name
		ADDED from AndroidManifest.xml:195:19
activity#org.qii.kakuwb.ui.friendgroup.ManageGroupActivity
ADDED from AndroidManifest.xml:198:9
	android:name
		ADDED from AndroidManifest.xml:198:19
activity#org.qii.kakuwb.ui.nearby.NearbyTimeLineActivity
ADDED from AndroidManifest.xml:201:9
	android:name
		ADDED from AndroidManifest.xml:201:19
activity#org.qii.kakuwb.ui.preference.SettingActivity
ADDED from AndroidManifest.xml:204:9
	android:name
		ADDED from AndroidManifest.xml:204:19
activity#org.qii.kakuwb.ui.preference.ControlActivity
ADDED from AndroidManifest.xml:206:9
	android:name
		ADDED from AndroidManifest.xml:206:19
intent-filter#android.intent.action.MANAGE_NETWORK_USAGE+android.intent.category.DEFAULT
ADDED from AndroidManifest.xml:207:13
action#android.intent.action.MANAGE_NETWORK_USAGE
ADDED from AndroidManifest.xml:208:17
	android:name
		ADDED from AndroidManifest.xml:208:25
activity#org.qii.kakuwb.ui.preference.NotificationActivity
ADDED from AndroidManifest.xml:212:9
	android:name
		ADDED from AndroidManifest.xml:212:19
activity#org.qii.kakuwb.ui.preference.DraftActivity
ADDED from AndroidManifest.xml:213:9
	android:uiOptions
		ADDED from AndroidManifest.xml:215:17
	android:name
		ADDED from AndroidManifest.xml:214:17
activity#org.qii.kakuwb.ui.preference.FilterActivity
ADDED from AndroidManifest.xml:216:9
	android:uiOptions
		ADDED from AndroidManifest.xml:218:17
	android:name
		ADDED from AndroidManifest.xml:217:17
activity#org.qii.kakuwb.ui.preference.AppearanceActivity
ADDED from AndroidManifest.xml:219:9
	android:uiOptions
		ADDED from AndroidManifest.xml:221:17
	android:name
		ADDED from AndroidManifest.xml:220:17
activity#org.qii.kakuwb.ui.preference.ReadActivity
ADDED from AndroidManifest.xml:222:9
	android:name
		ADDED from AndroidManifest.xml:222:19
activity#org.qii.kakuwb.ui.preference.PerformanceActivity
ADDED from AndroidManifest.xml:223:9
	android:name
		ADDED from AndroidManifest.xml:223:19
activity#org.qii.kakuwb.ui.preference.OtherActivity
ADDED from AndroidManifest.xml:224:9
	android:name
		ADDED from AndroidManifest.xml:224:19
activity#org.qii.kakuwb.ui.preference.AboutActivity
ADDED from AndroidManifest.xml:225:9
	android:name
		ADDED from AndroidManifest.xml:225:19
activity#org.qii.kakuwb.ui.preference.LicenseActivity
ADDED from AndroidManifest.xml:226:9
	android:theme
		ADDED from AndroidManifest.xml:228:17
	android:name
		ADDED from AndroidManifest.xml:227:17
service#org.qii.kakuwb.othercomponent.FetchNewMsgService
ADDED from AndroidManifest.xml:232:9
	android:name
		ADDED from AndroidManifest.xml:232:18
service#org.qii.kakuwb.othercomponent.sendweiboservice.SendWeiboService
ADDED from AndroidManifest.xml:233:9
	android:name
		ADDED from AndroidManifest.xml:233:18
service#org.qii.kakuwb.othercomponent.sendweiboservice.SendRepostService
ADDED from AndroidManifest.xml:234:9
	android:name
		ADDED from AndroidManifest.xml:234:18
service#org.qii.kakuwb.othercomponent.sendweiboservice.SendCommentService
ADDED from AndroidManifest.xml:235:9
	android:name
		ADDED from AndroidManifest.xml:235:18
service#org.qii.kakuwb.othercomponent.sendweiboservice.SendReplyToCommentService
ADDED from AndroidManifest.xml:236:9
	android:name
		ADDED from AndroidManifest.xml:236:18
service#org.qii.kakuwb.othercomponent.unreadnotification.JBMentionsWeiboNotificationServiceHelper
ADDED from AndroidManifest.xml:238:9
	android:name
		ADDED from AndroidManifest.xml:239:17
service#org.qii.kakuwb.othercomponent.unreadnotification.JBMentionsCommentNotificationServiceHelper
ADDED from AndroidManifest.xml:240:9
	android:name
		ADDED from AndroidManifest.xml:241:17
service#org.qii.kakuwb.othercomponent.unreadnotification.JBCommentsToMeNotificationServiceHelper
ADDED from AndroidManifest.xml:242:9
	android:name
		ADDED from AndroidManifest.xml:243:17
service#org.qii.kakuwb.othercomponent.unreadnotification.BigTextNotificationService
ADDED from AndroidManifest.xml:244:9
	android:name
		ADDED from AndroidManifest.xml:244:18
service#org.qii.kakuwb.othercomponent.unreadnotification.SimpleTextNotificationService
ADDED from AndroidManifest.xml:245:9
	android:name
		ADDED from AndroidManifest.xml:245:18
receiver#org.qii.kakuwb.othercomponent.ConnectionChangeReceiver
ADDED from AndroidManifest.xml:255:9
	android:label
		ADDED from AndroidManifest.xml:257:17
	android:name
		ADDED from AndroidManifest.xml:256:17
intent-filter#android.net.conn.CONNECTIVITY_CHANGE
ADDED from AndroidManifest.xml:258:13
action#android.net.conn.CONNECTIVITY_CHANGE
ADDED from AndroidManifest.xml:259:17
	android:name
		ADDED from AndroidManifest.xml:259:25
provider#org.qii.kakuwb.ui.search.SearchSuggestionProvider
ADDED from AndroidManifest.xml:264:9
	android:exported
		ADDED from AndroidManifest.xml:265:17
	android:authorities
		ADDED from AndroidManifest.xml:267:17
		INJECTED from AndroidManifest.xml:0:0
	android:name
		ADDED from AndroidManifest.xml:266:17
activity#org.qii.kakuwb.ui.blackmagic.BlackMagicActivity
ADDED from AndroidManifest.xml:270:9
	android:name
		ADDED from AndroidManifest.xml:270:19
activity#org.qii.kakuwb.ui.dm.DMActivity
ADDED from AndroidManifest.xml:273:9
	android:name
		ADDED from AndroidManifest.xml:273:19
activity#org.qii.kakuwb.ui.dm.DMUserListActivity
ADDED from AndroidManifest.xml:274:9
	android:name
		ADDED from AndroidManifest.xml:274:19
activity#org.qii.kakuwb.ui.dm.DMSelectUserActivity
ADDED from AndroidManifest.xml:275:9
	android:name
		ADDED from AndroidManifest.xml:275:19
uses-sdk
INJECTED from AndroidManifest.xml:0:0 reason: use-sdk injection requested
MERGED from com.android.support:support-v4:21.0.0:15:5
MERGED from weiciyuan.libs:slidingmenulibrary:unspecified:7:5
MERGED from com.android.support:support-v4:21.0.0:15:5
MERGED from weiciyuan.libs:showcaseviewlibrary:unspecified:7:5
MERGED from com.android.support:support-v4:21.0.0:15:5
MERGED from com.android.support:cardview-v7:21.0.2:15:5
MERGED from de.hdodenhof:circleimageview:1.2.1:5:5
	android:targetSdkVersion
		INJECTED from AndroidManifest.xml:0:0
		INJECTED from AndroidManifest.xml:0:0
	android:minSdkVersion
		INJECTED from AndroidManifest.xml:0:0
		INJECTED from AndroidManifest.xml:0:0